<?xml version="1.0" encoding="UTF-8"?>
<!-- Generated by org.testng.reporters.JUnitXMLReporter -->
<testsuite ignored="3" hostname="nandakiran-nfl" failures="1" tests="1" name="Surefire test" time="67.087" errors="0" timestamp="2025-05-16T15:14:25 IST">
  <testcase classname="web.HomePageTests" name="verifyCart" time="31.106">
    <failure type="java.lang.AssertionError" message="CartProgressIcon is not displayed :: please check below details 
no such element: Unable to locate element: {&amp;quot;method&amp;quot;:&amp;quot;xpath&amp;quot;,&amp;quot;selector&amp;quot;:&amp;quot;//*[@class=&amp;apos;step&amp;apos;]//*[@xmlns=&amp;apos;http://www.w3.org/2000/svg&amp;apos;]&amp;quot;}
  (Session info: chrome=136.0.7103.114)
For documentation on this error, please visit: https://www.selenium.dev/documentation/webdriver/troubleshooting/errors#no-such-element-exception
Build info: version: &amp;apos;4.28.1&amp;apos;, revision: &amp;apos;73f5ad48a2&amp;apos;
System info: os.name: &amp;apos;Windows 11&amp;apos;, os.arch: &amp;apos;amd64&amp;apos;, os.version: &amp;apos;10.0&amp;apos;, java.version: &amp;apos;17.0.11&amp;apos;
Driver info: org.openqa.selenium.chrome.ChromeDriver
Command: [cc88a837e902626517114f2bd9d45a16, findElement {using=xpath, value=//*[@class=&amp;apos;step&amp;apos;]//*[@xmlns=&amp;apos;http://www.w3.org/2000/svg&amp;apos;]}]
Capabilities {acceptInsecureCerts: false, browserName: chrome, browserVersion: 136.0.7103.114, chrome: {chromedriverVersion: 136.0.7103.94 (fa0be0b33deb..., userDataDir: C:\Users\nanda\AppData\Loca...}, fedcm:accounts: true, goog:chromeOptions: {debuggerAddress: localhost:62439}, networkConnectionEnabled: false, pageLoadStrategy: normal, platformName: windows, proxy: Proxy(), se:cdp: ws://localhost:62439/devtoo..., se:cdpVersion: 136.0.7103.114, setWindowRect: true, strictFileInteractability: false, timeouts: {implicit: 0, pageLoad: 300000, script: 30000}, unhandledPromptBehavior: dismiss and notify, webauthn:extension:credBlob: true, webauthn:extension:largeBlob: true, webauthn:extension:minPinLength: true, webauthn:extension:prf: true, webauthn:virtualAuthenticators: true}
Session ID: cc88a837e902626517114f2bd9d45a16">
      <![CDATA[java.lang.AssertionError: CartProgressIcon is not displayed :: please check below details 
no such element: Unable to locate element: {"method":"xpath","selector":"//*[@class='step']//*[@xmlns='http://www.w3.org/2000/svg']"}
  (Session info: chrome=136.0.7103.114)
For documentation on this error, please visit: https://www.selenium.dev/documentation/webdriver/troubleshooting/errors#no-such-element-exception
Build info: version: '4.28.1', revision: '73f5ad48a2'
System info: os.name: 'Windows 11', os.arch: 'amd64', os.version: '10.0', java.version: '17.0.11'
Driver info: org.openqa.selenium.chrome.ChromeDriver
Command: [cc88a837e902626517114f2bd9d45a16, findElement {using=xpath, value=//*[@class='step']//*[@xmlns='http://www.w3.org/2000/svg']}]
Capabilities {acceptInsecureCerts: false, browserName: chrome, browserVersion: 136.0.7103.114, chrome: {chromedriverVersion: 136.0.7103.94 (fa0be0b33deb..., userDataDir: C:\Users\nanda\AppData\Loca...}, fedcm:accounts: true, goog:chromeOptions: {debuggerAddress: localhost:62439}, networkConnectionEnabled: false, pageLoadStrategy: normal, platformName: windows, proxy: Proxy(), se:cdp: ws://localhost:62439/devtoo..., se:cdpVersion: 136.0.7103.114, setWindowRect: true, strictFileInteractability: false, timeouts: {implicit: 0, pageLoad: 300000, script: 30000}, unhandledPromptBehavior: dismiss and notify, webauthn:extension:credBlob: true, webauthn:extension:largeBlob: true, webauthn:extension:minPinLength: true, webauthn:extension:prf: true, webauthn:virtualAuthenticators: true}
Session ID: cc88a837e902626517114f2bd9d45a16
at web.generic.WebElementActions.elementIsDisplayed(WebElementActions.java:36)
at web.pages.CartPage.verifyHeader(CartPage.java:278)
at web.HomePageTests.verifyCart(HomePageTests.java:82)
at java.base/java.util.ArrayList.forEach(ArrayList.java:1511)
... Removed 33 stack frames]]>
    </failure>
  </testcase> <!-- verifyCart -->
  <testcase classname="web.HomePageTests" name="verifyHomePage" time="0.0">
    <ignored/>
  </testcase> <!-- verifyHomePage -->
  <testcase classname="web.HomePageTests" name="verifyWishlist" time="0.0">
    <ignored/>
  </testcase> <!-- verifyWishlist -->
  <testcase classname="web.HomePageTests" name="verifyProfileFeature" time="0.0">
    <ignored/>
  </testcase> <!-- verifyProfileFeature -->
</testsuite> <!-- Surefire test -->
