<?xml version="1.0" encoding="UTF-8"?>
<testng-results ignored="0" total="2" passed="1" failed="1" skipped="0">
  <reporter-output>
  </reporter-output>
  <suite started-at="2025-05-08T00:45:09 IST" name="Suite" finished-at="2025-05-08T00:46:27 IST" duration-ms="78422">
    <groups>
    </groups>
    <test started-at="2025-05-08T00:45:09 IST" name="Test" finished-at="2025-05-08T00:46:27 IST" duration-ms="78422">
      <class name="web.LoginPageTests">
        <test-method is-config="true" signature="setupBrowser()[pri:0, instance:web.LoginPageTests@21005f6c]" started-at="2025-05-08T00:45:09 IST" name="setupBrowser" finished-at="2025-05-08T00:45:18 IST" duration-ms="9532" status="PASS">
          <reporter-output>
          </reporter-output>
        </test-method> <!-- setupBrowser -->
        <test-method is-config="true" signature="initialization()[pri:0, instance:web.LoginPageTests@21005f6c]" started-at="2025-05-08T00:45:18 IST" name="initialization" finished-at="2025-05-08T00:45:18 IST" duration-ms="118" status="PASS">
          <reporter-output>
          </reporter-output>
        </test-method> <!-- initialization -->
        <test-method signature="verifyLoginFeaturesAndLoginIntoApplication()[pri:0, instance:web.LoginPageTests@21005f6c]" started-at="2025-05-08T00:45:18 IST" name="verifyLoginFeaturesAndLoginIntoApplication" finished-at="2025-05-08T00:46:11 IST" duration-ms="52430" status="PASS">
          <reporter-output>
          </reporter-output>
        </test-method> <!-- verifyLoginFeaturesAndLoginIntoApplication -->
        <test-method is-config="true" signature="tearDownBwoser()[pri:0, instance:web.LoginPageTests@21005f6c]" started-at="2025-05-08T00:46:11 IST" name="tearDownBwoser" finished-at="2025-05-08T00:46:11 IST" duration-ms="142" status="PASS">
          <reporter-output>
          </reporter-output>
        </test-method> <!-- tearDownBwoser -->
      </class> <!-- web.LoginPageTests -->
      <class name="web.HomePageTests">
        <test-method is-config="true" signature="setupBrowser()[pri:0, instance:web.HomePageTests@29ef6856]" started-at="2025-05-08T00:46:11 IST" name="setupBrowser" finished-at="2025-05-08T00:46:20 IST" duration-ms="9342" status="PASS">
          <reporter-output>
          </reporter-output>
        </test-method> <!-- setupBrowser -->
        <test-method is-config="true" signature="initialization()[pri:0, instance:web.HomePageTests@29ef6856]" started-at="2025-05-08T00:46:20 IST" name="initialization" finished-at="2025-05-08T00:46:26 IST" duration-ms="5398" status="PASS">
          <reporter-output>
          </reporter-output>
        </test-method> <!-- initialization -->
        <test-method signature="verifyHomePage()[pri:0, instance:web.HomePageTests@29ef6856]" started-at="2025-05-08T00:46:26 IST" name="verifyHomePage" finished-at="2025-05-08T00:46:27 IST" duration-ms="1298" status="FAIL">
          <exception class="java.lang.AssertionError">
            <message>
              <![CDATA[element is not found 
invalid session id
Build info: version: '4.28.1', revision: '73f5ad48a2'
System info: os.name: 'Windows 11', os.arch: 'amd64', os.version: '10.0', java.version: '17.0.11'
Driver info: org.openqa.selenium.chrome.ChromeDriver
Command: [6da6389bfac69b86b008aa16e51ca4b3, actions {actions=[org.openqa.selenium.interactions.Sequence@1537e43]}]
Capabilities {acceptInsecureCerts: false, browserName: chrome, browserVersion: 136.0.7103.93, chrome: {chromedriverVersion: 136.0.7103.92 (cb81a4cc5087..., userDataDir: C:\Users\nanda\AppData\Loca...}, fedcm:accounts: true, goog:chromeOptions: {debuggerAddress: localhost:56984}, networkConnectionEnabled: false, pageLoadStrategy: normal, platformName: windows, proxy: Proxy(), se:cdp: ws://localhost:56984/devtoo..., se:cdpVersion: 136.0.7103.93, setWindowRect: true, strictFileInteractability: false, timeouts: {implicit: 0, pageLoad: 300000, script: 30000}, unhandledPromptBehavior: dismiss and notify, webauthn:extension:credBlob: true, webauthn:extension:largeBlob: true, webauthn:extension:minPinLength: true, webauthn:extension:prf: true, webauthn:virtualAuthenticators: true}
Session ID: 6da6389bfac69b86b008aa16e51ca4b3]]>
            </message>
            <full-stacktrace>
              <![CDATA[java.lang.AssertionError: element is not found 
invalid session id
Build info: version: '4.28.1', revision: '73f5ad48a2'
System info: os.name: 'Windows 11', os.arch: 'amd64', os.version: '10.0', java.version: '17.0.11'
Driver info: org.openqa.selenium.chrome.ChromeDriver
Command: [6da6389bfac69b86b008aa16e51ca4b3, actions {actions=[org.openqa.selenium.interactions.Sequence@1537e43]}]
Capabilities {acceptInsecureCerts: false, browserName: chrome, browserVersion: 136.0.7103.93, chrome: {chromedriverVersion: 136.0.7103.92 (cb81a4cc5087..., userDataDir: C:\Users\nanda\AppData\Loca...}, fedcm:accounts: true, goog:chromeOptions: {debuggerAddress: localhost:56984}, networkConnectionEnabled: false, pageLoadStrategy: normal, platformName: windows, proxy: Proxy(), se:cdp: ws://localhost:56984/devtoo..., se:cdpVersion: 136.0.7103.93, setWindowRect: true, strictFileInteractability: false, timeouts: {implicit: 0, pageLoad: 300000, script: 30000}, unhandledPromptBehavior: dismiss and notify, webauthn:extension:credBlob: true, webauthn:extension:largeBlob: true, webauthn:extension:minPinLength: true, webauthn:extension:prf: true, webauthn:virtualAuthenticators: true}
Session ID: 6da6389bfac69b86b008aa16e51ca4b3
at org.testng.Assert.fail(Assert.java:111)
at web.generic.WebElementActions.scrollToElementByActions(WebElementActions.java:201)
at web.pages.HomePage.verifyMyLibrary(HomePage.java:484)
at web.HomePageTests.verifyHomePage(HomePageTests.java:31)
at java.base/jdk.internal.reflect.NativeMethodAccessorImpl.invoke0(Native Method)
at java.base/jdk.internal.reflect.NativeMethodAccessorImpl.invoke(NativeMethodAccessorImpl.java:77)
at java.base/jdk.internal.reflect.DelegatingMethodAccessorImpl.invoke(DelegatingMethodAccessorImpl.java:43)
at java.base/java.lang.reflect.Method.invoke(Method.java:568)
at org.testng.internal.invokers.MethodInvocationHelper.invokeMethod(MethodInvocationHelper.java:141)
at org.testng.internal.invokers.TestInvoker.invokeMethod(TestInvoker.java:686)
at org.testng.internal.invokers.TestInvoker.invokeTestMethod(TestInvoker.java:230)
at org.testng.internal.invokers.MethodRunner.runInSequence(MethodRunner.java:63)
at org.testng.internal.invokers.TestInvoker$MethodInvocationAgent.invoke(TestInvoker.java:992)
at org.testng.internal.invokers.TestInvoker.invokeTestMethods(TestInvoker.java:203)
at org.testng.internal.invokers.TestMethodWorker.invokeTestMethods(TestMethodWorker.java:154)
at org.testng.internal.invokers.TestMethodWorker.run(TestMethodWorker.java:134)
at java.base/java.util.ArrayList.forEach(ArrayList.java:1511)
at org.testng.TestRunner.privateRun(TestRunner.java:739)
at org.testng.TestRunner.run(TestRunner.java:614)
at org.testng.SuiteRunner.runTest(SuiteRunner.java:421)
at org.testng.SuiteRunner.runSequentially(SuiteRunner.java:413)
at org.testng.SuiteRunner.privateRun(SuiteRunner.java:373)
at org.testng.SuiteRunner.run(SuiteRunner.java:312)
at org.testng.SuiteRunnerWorker.runSuite(SuiteRunnerWorker.java:52)
at org.testng.SuiteRunnerWorker.run(SuiteRunnerWorker.java:95)
at org.testng.TestNG.runSuitesSequentially(TestNG.java:1274)
at org.testng.TestNG.runSuitesLocally(TestNG.java:1208)
at org.testng.TestNG.runSuites(TestNG.java:1112)
at org.testng.TestNG.run(TestNG.java:1079)
at org.testng.remote.AbstractRemoteTestNG.run(AbstractRemoteTestNG.java:115)
at org.testng.remote.RemoteTestNG.initAndRun(RemoteTestNG.java:293)
at org.testng.remote.RemoteTestNG.main(RemoteTestNG.java:91)
]]>
            </full-stacktrace>
          </exception> <!-- java.lang.AssertionError -->
          <reporter-output>
          </reporter-output>
        </test-method> <!-- verifyHomePage -->
        <test-method is-config="true" signature="tearDownBwoser()[pri:0, instance:web.HomePageTests@29ef6856]" started-at="2025-05-08T00:46:27 IST" name="tearDownBwoser" finished-at="2025-05-08T00:46:27 IST" duration-ms="125" status="PASS">
          <reporter-output>
          </reporter-output>
        </test-method> <!-- tearDownBwoser -->
      </class> <!-- web.HomePageTests -->
    </test> <!-- Test -->
  </suite> <!-- Suite -->
</testng-results>
